<?xml version="1.0" encoding="UTF-8"?>
<!-- Generated by org.testng.reporters.JUnitReportReporter -->
<testsuite skipped="0" hostname="LAPTOP-B1J3JRVK" name="Framework.NewTest" tests="1" failures="0" timestamp="2020-01-13T19:30:10 EST" time="4.224" errors="0">
  <testcase name="f" time="4.224" classname="Framework.NewTest"/>
</testsuite> <!-- Framework.NewTest -->
