<?xml version="1.0" encoding="UTF-8"?>
<!-- Generated by org.testng.reporters.JUnitReportReporter -->
<testsuite skipped="0" hostname="LAPTOP-B1J3JRVK" name="Framework.AmazonHomepage" tests="1" failures="0" timestamp="2020-01-21T19:35:51 EST" time="5.049" errors="0">
  <testcase name="f" time="5.049" classname="Framework.AmazonHomepage"/>
</testsuite> <!-- Framework.AmazonHomepage -->
